<?xml version="1.0" encoding="UTF-8"?>
<!-- Generated by org.testng.reporters.JUnitXMLReporter -->
<testsuite ignored="2" hostname="DESKTOP-KL69OJ0" failures="5" tests="15" name="Test" time="348.827" errors="0" timestamp="2023-08-15T03:27:59 IST">
  <testcase classname="com.test.SeachFntTest" name="searchClick" time="9.229">
    <skipped/>
  </testcase> <!-- searchClick -->
  <testcase classname="com.test.SeachFntTest" name="searchClick" time="4.271"/>
  <testcase classname="com.test.SeachFntTest" name="keySelect" time="5.497">
    <skipped/>
  </testcase> <!-- keySelect -->
  <testcase classname="com.test.SeachFntTest" name="keySelect" time="5.132">
    <failure type="java.lang.NullPointerException" message="Cannot invoke &amp;quot;String.contains(java.lang.CharSequence)&amp;quot; because the return value of &amp;quot;com.pageAction.SearchFunction.keyWord()&amp;quot; is null">
      <![CDATA[java.lang.NullPointerException: Cannot invoke "String.contains(java.lang.CharSequence)" because the return value of "com.pageAction.SearchFunction.keyWord()" is null
at com.test.SeachFntTest.keySelect(SeachFntTest.java:45)
at java.base/java.util.ArrayList.forEach(ArrayList.java:1511)
... Removed 27 stack frames]]>
    </failure>
  </testcase> <!-- keySelect -->
  <testcase classname="com.test.SeachFntTest" name="fullSearch" time="10.66">
    <skipped/>
  </testcase> <!-- fullSearch -->
  <testcase classname="com.test.SeachFntTest" name="fullSearch" time="30.499"/>
  <testcase classname="com.test.LoginPageTest" name="loginMethod" time="1.009">
    <skipped/>
  </testcase> <!-- loginMethod -->
  <testcase classname="com.test.LoginPageTest" name="loginMethod" time="1.009">
    <failure type="java.lang.AssertionError" message="expected [null] but found [true]">
      <![CDATA[java.lang.AssertionError: expected [null] but found [true]
at com.test.LoginPageTest.loginMethod(LoginPageTest.java:17)
at java.base/java.util.ArrayList.forEach(ArrayList.java:1511)
... Removed 33 stack frames]]>
    </failure>
  </testcase> <!-- loginMethod -->
  <testcase classname="com.test.LoginPageTest" name="loginMethod" time="1.207">
    <skipped/>
  </testcase> <!-- loginMethod -->
  <testcase classname="com.test.LoginPageTest" name="loginMethod" time="3.449">
    <failure type="java.lang.AssertionError" message="expected [null] but found [true]">
      <![CDATA[java.lang.AssertionError: expected [null] but found [true]
at com.test.LoginPageTest.loginMethod(LoginPageTest.java:17)
at java.base/java.util.ArrayList.forEach(ArrayList.java:1511)
... Removed 33 stack frames]]>
    </failure>
  </testcase> <!-- loginMethod -->
  <testcase classname="com.test.LoginPageTest" name="loginMethod" time="1.12">
    <skipped/>
  </testcase> <!-- loginMethod -->
  <testcase classname="com.test.LoginPageTest" name="loginMethod" time="1.07">
    <failure type="java.lang.AssertionError" message="expected [null] but found [true]">
      <![CDATA[java.lang.AssertionError: expected [null] but found [true]
at com.test.LoginPageTest.loginMethod(LoginPageTest.java:17)
at java.base/java.util.ArrayList.forEach(ArrayList.java:1511)
... Removed 33 stack frames]]>
    </failure>
  </testcase> <!-- loginMethod -->
  <testcase classname="com.test.LoginPageTest" name="loginMethod" time="1.081">
    <skipped/>
  </testcase> <!-- loginMethod -->
  <testcase classname="com.test.LoginPageTest" name="loginMethod" time="1.109">
    <failure type="java.lang.AssertionError" message="expected [null] but found [true]">
      <![CDATA[java.lang.AssertionError: expected [null] but found [true]
at com.test.LoginPageTest.loginMethod(LoginPageTest.java:17)
at java.base/java.util.ArrayList.forEach(ArrayList.java:1511)
... Removed 33 stack frames]]>
    </failure>
  </testcase> <!-- loginMethod -->
  <testcase classname="com.test.LoginPageTest" name="loginMethod1" time="4.586"/>
  <testcase classname="com.base.TestBase" name="@AfterTest afterTest" time="0.0">
    <ignored/>
  </testcase> <!-- @AfterTest afterTest -->
  <testcase classname="com.base.TestBase" name="@BeforeTest beforeTestMethod" time="0.0">
    <ignored/>
  </testcase> <!-- @BeforeTest beforeTestMethod -->
</testsuite> <!-- Test -->
